<?xml version="1.0" encoding="UTF-8"?>
<!-- Generated by org.testng.reporters.JUnitReportReporter -->
<testsuite hostname="NPF1F28ZU" failures="0" tests="2" name="qaclickacademy.Mavenjava.APItest" time="0.003" errors="0" timestamp="2021-11-02T12:58:08 EET" skipped="0">
  <testcase classname="qaclickacademy.Mavenjava.APItest" name="deleteTwitter" time="0.001"/>
  <system-out/>
  <testcase classname="qaclickacademy.Mavenjava.APItest" name="postjira" time="0.002"/>
  <system-out/>
</testsuite> <!-- qaclickacademy.Mavenjava.APItest -->
