<?xml version="1.0" encoding="UTF-8"?>
<!-- Generated by org.testng.reporters.JUnitReportReporter -->
<testsuite hostname="NPF1F28ZU" failures="0" tests="2" name="qaclickacademy.Mavenjava.appiumtest" time="0.012" errors="0" timestamp="2021-11-03T20:22:21 EET" skipped="0">
  <testcase classname="qaclickacademy.Mavenjava.appiumtest" name="iosapp" time="0.011"/>
  <system-out/>
  <testcase classname="qaclickacademy.Mavenjava.appiumtest" name="nativeappandroid" time="0.001"/>
  <system-out/>
</testsuite> <!-- qaclickacademy.Mavenjava.appiumtest -->
