<?xml version="1.0" encoding="UTF-8"?>
<!-- Generated by org.testng.reporters.JUnitReportReporter -->
<testsuite hostname="NPF1F28ZU" failures="0" tests="2" name="qaclickacademy.Mavenjava.seleniumtest" time="0.009" errors="0" timestamp="2021-11-03T20:22:29 EET" skipped="0">
  <testcase classname="qaclickacademy.Mavenjava.seleniumtest" name="browser" time="0.008"/>
  <system-out/>
  <testcase classname="qaclickacademy.Mavenjava.seleniumtest" name="elements" time="0.001"/>
  <system-out/>
</testsuite> <!-- qaclickacademy.Mavenjava.seleniumtest -->
